{"C:\\Users\\Michele\\Desktop\\Coding Project\\FullStackOpen\\Fullstack-Open\\Part2\\lesson\\src\\App.jsx": {"path":"C:\\Users\\Michele\\Desktop\\Coding Project\\FullStackOpen\\Fullstack-Open\\Part2\\lesson\\src\\App.jsx","statementMap":{"0":{"start":{"line":11,"column":12},"end":{"line":172,"column":1}},"1":{"start":{"line":12,"column":28},"end":{"line":12,"column":40}},"2":{"start":{"line":13,"column":32},"end":{"line":13,"column":44}},"3":{"start":{"line":14,"column":32},"end":{"line":14,"column":46}},"4":{"start":{"line":15,"column":42},"end":{"line":15,"column":56}},"5":{"start":{"line":16,"column":34},"end":{"line":16,"column":46}},"6":{"start":{"line":17,"column":34},"end":{"line":17,"column":46}},"7":{"start":{"line":18,"column":26},"end":{"line":18,"column":40}},"8":{"start":{"line":19,"column":42},"end":{"line":19,"column":57}},"9":{"start":{"line":20,"column":22},"end":{"line":20,"column":30}},"10":{"start":{"line":22,"column":2},"end":{"line":28,"column":8}},"11":{"start":{"line":23,"column":4},"end":{"line":27,"column":8}},"12":{"start":{"line":26,"column":8},"end":{"line":26,"column":30}},"13":{"start":{"line":30,"column":2},"end":{"line":37,"column":8}},"14":{"start":{"line":31,"column":27},"end":{"line":31,"column":75}},"15":{"start":{"line":32,"column":4},"end":{"line":36,"column":5}},"16":{"start":{"line":33,"column":19},"end":{"line":33,"column":45}},"17":{"start":{"line":34,"column":6},"end":{"line":34,"column":19}},"18":{"start":{"line":35,"column":6},"end":{"line":35,"column":38}},"19":{"start":{"line":39,"column":18},"end":{"line":54,"column":3}},"20":{"start":{"line":40,"column":4},"end":{"line":40,"column":42}},"21":{"start":{"line":41,"column":4},"end":{"line":53,"column":8}},"22":{"start":{"line":44,"column":8},"end":{"line":44,"column":44}},"23":{"start":{"line":45,"column":8},"end":{"line":45,"column":22}},"24":{"start":{"line":48,"column":8},"end":{"line":49,"column":41}},"25":{"start":{"line":50,"column":8},"end":{"line":52,"column":16}},"26":{"start":{"line":51,"column":10},"end":{"line":51,"column":31}},"27":{"start":{"line":56,"column":29},"end":{"line":73,"column":3}},"28":{"start":{"line":57,"column":17},"end":{"line":57,"column":45}},"29":{"start":{"line":57,"column":33},"end":{"line":57,"column":44}},"30":{"start":{"line":58,"column":24},"end":{"line":58,"column":63}},"31":{"start":{"line":60,"column":4},"end":{"line":72,"column":8}},"32":{"start":{"line":63,"column":8},"end":{"line":63,"column":73}},"33":{"start":{"line":63,"column":35},"end":{"line":63,"column":71}},"34":{"start":{"line":66,"column":8},"end":{"line":68,"column":9}},"35":{"start":{"line":69,"column":8},"end":{"line":71,"column":16}},"36":{"start":{"line":70,"column":10},"end":{"line":70,"column":31}},"37":{"start":{"line":79,"column":22},"end":{"line":98,"column":3}},"38":{"start":{"line":81,"column":4},"end":{"line":97,"column":5}},"39":{"start":{"line":82,"column":19},"end":{"line":84,"column":8}},"40":{"start":{"line":86,"column":6},"end":{"line":88,"column":7}},"41":{"start":{"line":89,"column":6},"end":{"line":89,"column":38}},"42":{"start":{"line":90,"column":6},"end":{"line":90,"column":19}},"43":{"start":{"line":93,"column":6},"end":{"line":93,"column":42}},"44":{"start":{"line":94,"column":6},"end":{"line":96,"column":14}},"45":{"start":{"line":95,"column":8},"end":{"line":95,"column":29}},"46":{"start":{"line":100,"column":23},"end":{"line":104,"column":3}},"47":{"start":{"line":101,"column":4},"end":{"line":101,"column":55}},"48":{"start":{"line":102,"column":4},"end":{"line":102,"column":30}},"49":{"start":{"line":103,"column":4},"end":{"line":103,"column":17}},"50":{"start":{"line":106,"column":20},"end":{"line":125,"column":3}},"51":{"start":{"line":107,"column":28},"end":{"line":107,"column":67}},"52":{"start":{"line":108,"column":28},"end":{"line":108,"column":67}},"53":{"start":{"line":110,"column":4},"end":{"line":124,"column":5}},"54":{"start":{"line":113,"column":33},"end":{"line":113,"column":54}},"55":{"start":{"line":117,"column":50},"end":{"line":117,"column":75}},"56":{"start":{"line":118,"column":50},"end":{"line":118,"column":75}},"57":{"start":{"line":121,"column":33},"end":{"line":121,"column":55}},"58":{"start":{"line":127,"column":19},"end":{"line":131,"column":3}},"59":{"start":{"line":128,"column":4},"end":{"line":130,"column":16}},"60":{"start":{"line":133,"column":22},"end":{"line":135,"column":42}},"61":{"start":{"line":135,"column":27},"end":{"line":135,"column":41}},"62":{"start":{"line":137,"column":2},"end":{"line":171,"column":3}},"63":{"start":{"line":155,"column":31},"end":{"line":155,"column":51}},"64":{"start":{"line":161,"column":10},"end":{"line":165,"column":12}},"65":{"start":{"line":164,"column":36},"end":{"line":164,"column":63}}},"fnMap":{"0":{"name":"(anonymous_0)","decl":{"start":{"line":11,"column":12},"end":{"line":11,"column":13}},"loc":{"start":{"line":11,"column":18},"end":{"line":172,"column":1}},"line":11},"1":{"name":"(anonymous_1)","decl":{"start":{"line":22,"column":12},"end":{"line":22,"column":13}},"loc":{"start":{"line":22,"column":18},"end":{"line":28,"column":3}},"line":22},"2":{"name":"(anonymous_2)","decl":{"start":{"line":25,"column":12},"end":{"line":25,"column":13}},"loc":{"start":{"line":25,"column":28},"end":{"line":27,"column":7}},"line":25},"3":{"name":"(anonymous_3)","decl":{"start":{"line":30,"column":12},"end":{"line":30,"column":13}},"loc":{"start":{"line":30,"column":18},"end":{"line":37,"column":3}},"line":30},"4":{"name":"(anonymous_4)","decl":{"start":{"line":39,"column":18},"end":{"line":39,"column":19}},"loc":{"start":{"line":39,"column":34},"end":{"line":54,"column":3}},"line":39},"5":{"name":"(anonymous_5)","decl":{"start":{"line":43,"column":12},"end":{"line":43,"column":13}},"loc":{"start":{"line":43,"column":28},"end":{"line":46,"column":7}},"line":43},"6":{"name":"(anonymous_6)","decl":{"start":{"line":47,"column":13},"end":{"line":47,"column":14}},"loc":{"start":{"line":47,"column":22},"end":{"line":53,"column":7}},"line":47},"7":{"name":"(anonymous_7)","decl":{"start":{"line":50,"column":19},"end":{"line":50,"column":20}},"loc":{"start":{"line":50,"column":25},"end":{"line":52,"column":9}},"line":50},"8":{"name":"(anonymous_8)","decl":{"start":{"line":56,"column":29},"end":{"line":56,"column":30}},"loc":{"start":{"line":56,"column":35},"end":{"line":73,"column":3}},"line":56},"9":{"name":"(anonymous_9)","decl":{"start":{"line":57,"column":28},"end":{"line":57,"column":29}},"loc":{"start":{"line":57,"column":33},"end":{"line":57,"column":44}},"line":57},"10":{"name":"(anonymous_10)","decl":{"start":{"line":62,"column":12},"end":{"line":62,"column":13}},"loc":{"start":{"line":62,"column":28},"end":{"line":64,"column":7}},"line":62},"11":{"name":"(anonymous_11)","decl":{"start":{"line":63,"column":27},"end":{"line":63,"column":28}},"loc":{"start":{"line":63,"column":35},"end":{"line":63,"column":71}},"line":63},"12":{"name":"(anonymous_12)","decl":{"start":{"line":65,"column":13},"end":{"line":65,"column":14}},"loc":{"start":{"line":65,"column":22},"end":{"line":72,"column":7}},"line":65},"13":{"name":"(anonymous_13)","decl":{"start":{"line":69,"column":19},"end":{"line":69,"column":20}},"loc":{"start":{"line":69,"column":25},"end":{"line":71,"column":9}},"line":69},"14":{"name":"(anonymous_14)","decl":{"start":{"line":79,"column":22},"end":{"line":79,"column":23}},"loc":{"start":{"line":79,"column":52},"end":{"line":98,"column":3}},"line":79},"15":{"name":"(anonymous_15)","decl":{"start":{"line":94,"column":17},"end":{"line":94,"column":18}},"loc":{"start":{"line":94,"column":23},"end":{"line":96,"column":7}},"line":94},"16":{"name":"(anonymous_16)","decl":{"start":{"line":100,"column":23},"end":{"line":100,"column":24}},"loc":{"start":{"line":100,"column":29},"end":{"line":104,"column":3}},"line":100},"17":{"name":"(anonymous_17)","decl":{"start":{"line":106,"column":20},"end":{"line":106,"column":21}},"loc":{"start":{"line":106,"column":26},"end":{"line":125,"column":3}},"line":106},"18":{"name":"(anonymous_18)","decl":{"start":{"line":113,"column":27},"end":{"line":113,"column":28}},"loc":{"start":{"line":113,"column":33},"end":{"line":113,"column":54}},"line":113},"19":{"name":"(anonymous_19)","decl":{"start":{"line":117,"column":34},"end":{"line":117,"column":35}},"loc":{"start":{"line":117,"column":50},"end":{"line":117,"column":75}},"line":117},"20":{"name":"(anonymous_20)","decl":{"start":{"line":118,"column":34},"end":{"line":118,"column":35}},"loc":{"start":{"line":118,"column":50},"end":{"line":118,"column":75}},"line":118},"21":{"name":"(anonymous_21)","decl":{"start":{"line":121,"column":27},"end":{"line":121,"column":28}},"loc":{"start":{"line":121,"column":33},"end":{"line":121,"column":55}},"line":121},"22":{"name":"(anonymous_22)","decl":{"start":{"line":127,"column":19},"end":{"line":127,"column":20}},"loc":{"start":{"line":128,"column":4},"end":{"line":130,"column":16}},"line":128},"23":{"name":"(anonymous_23)","decl":{"start":{"line":135,"column":19},"end":{"line":135,"column":20}},"loc":{"start":{"line":135,"column":27},"end":{"line":135,"column":41}},"line":135},"24":{"name":"(anonymous_24)","decl":{"start":{"line":155,"column":25},"end":{"line":155,"column":26}},"loc":{"start":{"line":155,"column":31},"end":{"line":155,"column":51}},"line":155},"25":{"name":"(anonymous_25)","decl":{"start":{"line":160,"column":25},"end":{"line":160,"column":26}},"loc":{"start":{"line":161,"column":10},"end":{"line":165,"column":12}},"line":161},"26":{"name":"(anonymous_26)","decl":{"start":{"line":164,"column":30},"end":{"line":164,"column":31}},"loc":{"start":{"line":164,"column":36},"end":{"line":164,"column":63}},"line":164}},"branchMap":{"0":{"loc":{"start":{"line":32,"column":4},"end":{"line":36,"column":5}},"type":"if","locations":[{"start":{"line":32,"column":4},"end":{"line":36,"column":5}},{"start":{},"end":{}}],"line":32},"1":{"loc":{"start":{"line":63,"column":35},"end":{"line":63,"column":71}},"type":"cond-expr","locations":[{"start":{"line":63,"column":52},"end":{"line":63,"column":56}},{"start":{"line":63,"column":59},"end":{"line":63,"column":71}}],"line":63},"2":{"loc":{"start":{"line":107,"column":39},"end":{"line":107,"column":65}},"type":"cond-expr","locations":[{"start":{"line":107,"column":54},"end":{"line":107,"column":60}},{"start":{"line":107,"column":63},"end":{"line":107,"column":65}}],"line":107},"3":{"loc":{"start":{"line":108,"column":39},"end":{"line":108,"column":65}},"type":"cond-expr","locations":[{"start":{"line":108,"column":54},"end":{"line":108,"column":56}},{"start":{"line":108,"column":59},"end":{"line":108,"column":65}}],"line":108},"4":{"loc":{"start":{"line":133,"column":22},"end":{"line":135,"column":42}},"type":"cond-expr","locations":[{"start":{"line":134,"column":6},"end":{"line":134,"column":11}},{"start":{"line":135,"column":6},"end":{"line":135,"column":42}}],"line":133},"5":{"loc":{"start":{"line":143,"column":7},"end":{"line":143,"column":27}},"type":"binary-expr","locations":[{"start":{"line":143,"column":7},"end":{"line":143,"column":12}},{"start":{"line":143,"column":16},"end":{"line":143,"column":27}}],"line":143},"6":{"loc":{"start":{"line":144,"column":7},"end":{"line":151,"column":12}},"type":"binary-expr","locations":[{"start":{"line":144,"column":7},"end":{"line":144,"column":11}},{"start":{"line":144,"column":15},"end":{"line":151,"column":12}}],"line":144},"7":{"loc":{"start":{"line":156,"column":16},"end":{"line":156,"column":45}},"type":"cond-expr","locations":[{"start":{"line":156,"column":26},"end":{"line":156,"column":37}},{"start":{"line":156,"column":40},"end":{"line":156,"column":45}}],"line":156}},"s":{"0":0,"1":0,"2":0,"3":0,"4":0,"5":0,"6":0,"7":0,"8":0,"9":0,"10":0,"11":0,"12":0,"13":0,"14":0,"15":0,"16":0,"17":0,"18":0,"19":0,"20":0,"21":0,"22":0,"23":0,"24":0,"25":0,"26":0,"27":0,"28":0,"29":0,"30":0,"31":0,"32":0,"33":0,"34":0,"35":0,"36":0,"37":0,"38":0,"39":0,"40":0,"41":0,"42":0,"43":0,"44":0,"45":0,"46":0,"47":0,"48":0,"49":0,"50":0,"51":0,"52":0,"53":0,"54":0,"55":0,"56":0,"57":0,"58":0,"59":0,"60":0,"61":0,"62":0,"63":0,"64":0,"65":0},"f":{"0":0,"1":0,"2":0,"3":0,"4":0,"5":0,"6":0,"7":0,"8":0,"9":0,"10":0,"11":0,"12":0,"13":0,"14":0,"15":0,"16":0,"17":0,"18":0,"19":0,"20":0,"21":0,"22":0,"23":0,"24":0,"25":0,"26":0},"b":{"0":[0,0],"1":[0,0],"2":[0,0],"3":[0,0],"4":[0,0],"5":[0,0],"6":[0,0],"7":[0,0]}}
,"C:\\Users\\Michele\\Desktop\\Coding Project\\FullStackOpen\\Fullstack-Open\\Part2\\lesson\\src\\main.jsx": {"path":"C:\\Users\\Michele\\Desktop\\Coding Project\\FullStackOpen\\Fullstack-Open\\Part2\\lesson\\src\\main.jsx","statementMap":{"0":{"start":{"line":5,"column":0},"end":{"line":5,"column":68}}},"fnMap":{},"branchMap":{},"s":{"0":0},"f":{},"b":{}}
,"C:\\Users\\Michele\\Desktop\\Coding Project\\FullStackOpen\\Fullstack-Open\\Part2\\lesson\\src\\components\\Footer.jsx": {"path":"C:\\Users\\Michele\\Desktop\\Coding Project\\FullStackOpen\\Fullstack-Open\\Part2\\lesson\\src\\components\\Footer.jsx","statementMap":{"0":{"start":{"line":1,"column":15},"end":{"line":14,"column":1}},"1":{"start":{"line":2,"column":22},"end":{"line":6,"column":3}},"2":{"start":{"line":8,"column":2},"end":{"line":13,"column":3}}},"fnMap":{"0":{"name":"(anonymous_0)","decl":{"start":{"line":1,"column":15},"end":{"line":1,"column":16}},"loc":{"start":{"line":1,"column":21},"end":{"line":14,"column":1}},"line":1}},"branchMap":{},"s":{"0":0,"1":0,"2":0},"f":{"0":0},"b":{}}
,"C:\\Users\\Michele\\Desktop\\Coding Project\\FullStackOpen\\Fullstack-Open\\Part2\\lesson\\src\\components\\LoginForm.jsx": {"path":"C:\\Users\\Michele\\Desktop\\Coding Project\\FullStackOpen\\Fullstack-Open\\Part2\\lesson\\src\\components\\LoginForm.jsx","statementMap":{"0":{"start":{"line":4,"column":18},"end":{"line":52,"column":1}},"1":{"start":{"line":5,"column":34},"end":{"line":5,"column":46}},"2":{"start":{"line":6,"column":34},"end":{"line":6,"column":46}},"3":{"start":{"line":7,"column":42},"end":{"line":7,"column":54}},"4":{"start":{"line":9,"column":31},"end":{"line":11,"column":3}},"5":{"start":{"line":10,"column":4},"end":{"line":10,"column":35}},"6":{"start":{"line":13,"column":31},"end":{"line":15,"column":3}},"7":{"start":{"line":14,"column":4},"end":{"line":14,"column":35}},"8":{"start":{"line":17,"column":22},"end":{"line":25,"column":3}},"9":{"start":{"line":18,"column":4},"end":{"line":18,"column":26}},"10":{"start":{"line":20,"column":4},"end":{"line":24,"column":5}},"11":{"start":{"line":21,"column":6},"end":{"line":21,"column":44}},"12":{"start":{"line":23,"column":6},"end":{"line":23,"column":42}},"13":{"start":{"line":27,"column":2},"end":{"line":51,"column":3}},"14":{"start":{"line":54,"column":0},"end":{"line":58,"column":1}}},"fnMap":{"0":{"name":"(anonymous_0)","decl":{"start":{"line":4,"column":18},"end":{"line":4,"column":19}},"loc":{"start":{"line":4,"column":40},"end":{"line":52,"column":1}},"line":4},"1":{"name":"(anonymous_1)","decl":{"start":{"line":9,"column":31},"end":{"line":9,"column":32}},"loc":{"start":{"line":9,"column":42},"end":{"line":11,"column":3}},"line":9},"2":{"name":"(anonymous_2)","decl":{"start":{"line":13,"column":31},"end":{"line":13,"column":32}},"loc":{"start":{"line":13,"column":42},"end":{"line":15,"column":3}},"line":13},"3":{"name":"(anonymous_3)","decl":{"start":{"line":17,"column":22},"end":{"line":17,"column":23}},"loc":{"start":{"line":17,"column":39},"end":{"line":25,"column":3}},"line":17}},"branchMap":{"0":{"loc":{"start":{"line":49,"column":7},"end":{"line":49,"column":44}},"type":"binary-expr","locations":[{"start":{"line":49,"column":7},"end":{"line":49,"column":19}},{"start":{"line":49,"column":23},"end":{"line":49,"column":44}}],"line":49}},"s":{"0":0,"1":0,"2":0,"3":0,"4":0,"5":0,"6":0,"7":0,"8":0,"9":0,"10":0,"11":0,"12":0,"13":0,"14":0},"f":{"0":0,"1":0,"2":0,"3":0},"b":{"0":[0,0]}}
,"C:\\Users\\Michele\\Desktop\\Coding Project\\FullStackOpen\\Fullstack-Open\\Part2\\lesson\\src\\components\\Note.jsx": {"path":"C:\\Users\\Michele\\Desktop\\Coding Project\\FullStackOpen\\Fullstack-Open\\Part2\\lesson\\src\\components\\Note.jsx","statementMap":{"0":{"start":{"line":1,"column":13},"end":{"line":12,"column":1}},"1":{"start":{"line":2,"column":16},"end":{"line":4,"column":22}},"2":{"start":{"line":6,"column":2},"end":{"line":11,"column":3}}},"fnMap":{"0":{"name":"(anonymous_0)","decl":{"start":{"line":1,"column":13},"end":{"line":1,"column":14}},"loc":{"start":{"line":1,"column":45},"end":{"line":12,"column":1}},"line":1}},"branchMap":{"0":{"loc":{"start":{"line":2,"column":16},"end":{"line":4,"column":22}},"type":"cond-expr","locations":[{"start":{"line":3,"column":6},"end":{"line":3,"column":26}},{"start":{"line":4,"column":6},"end":{"line":4,"column":22}}],"line":2}},"s":{"0":1,"1":2,"2":2},"f":{"0":2},"b":{"0":[2,0]},"_coverageSchema":"1a1c01bbd47fc00a2c39e90264f33305004495a9","hash":"ab6f8f2ca97ee627f1c8b5ac6e2e05a1c58804ec"}
,"C:\\Users\\Michele\\Desktop\\Coding Project\\FullStackOpen\\Fullstack-Open\\Part2\\lesson\\src\\components\\NoteForm.jsx": {"path":"C:\\Users\\Michele\\Desktop\\Coding Project\\FullStackOpen\\Fullstack-Open\\Part2\\lesson\\src\\components\\NoteForm.jsx","statementMap":{"0":{"start":{"line":3,"column":17},"end":{"line":30,"column":1}},"1":{"start":{"line":4,"column":32},"end":{"line":4,"column":44}},"2":{"start":{"line":6,"column":18},"end":{"line":14,"column":3}},"3":{"start":{"line":7,"column":4},"end":{"line":7,"column":26}},"4":{"start":{"line":8,"column":4},"end":{"line":11,"column":6}},"5":{"start":{"line":13,"column":4},"end":{"line":13,"column":18}},"6":{"start":{"line":16,"column":2},"end":{"line":29,"column":3}},"7":{"start":{"line":23,"column":29},"end":{"line":23,"column":59}}},"fnMap":{"0":{"name":"(anonymous_0)","decl":{"start":{"line":3,"column":17},"end":{"line":3,"column":18}},"loc":{"start":{"line":3,"column":37},"end":{"line":30,"column":1}},"line":3},"1":{"name":"(anonymous_1)","decl":{"start":{"line":6,"column":18},"end":{"line":6,"column":19}},"loc":{"start":{"line":6,"column":29},"end":{"line":14,"column":3}},"line":6},"2":{"name":"(anonymous_2)","decl":{"start":{"line":23,"column":20},"end":{"line":23,"column":21}},"loc":{"start":{"line":23,"column":29},"end":{"line":23,"column":59}},"line":23}},"branchMap":{},"s":{"0":1,"1":19,"2":19,"3":1,"4":1,"5":1,"6":19,"7":17},"f":{"0":19,"1":1,"2":17},"b":{},"_coverageSchema":"1a1c01bbd47fc00a2c39e90264f33305004495a9","hash":"5ccd83913feccca8bebb1f4998d5f91c04093cbb"}
,"C:\\Users\\Michele\\Desktop\\Coding Project\\FullStackOpen\\Fullstack-Open\\Part2\\lesson\\src\\components\\Notification.jsx": {"path":"C:\\Users\\Michele\\Desktop\\Coding Project\\FullStackOpen\\Fullstack-Open\\Part2\\lesson\\src\\components\\Notification.jsx","statementMap":{"0":{"start":{"line":1,"column":21},"end":{"line":11,"column":1}},"1":{"start":{"line":2,"column":2},"end":{"line":4,"column":3}},"2":{"start":{"line":3,"column":4},"end":{"line":3,"column":15}},"3":{"start":{"line":6,"column":2},"end":{"line":10,"column":3}}},"fnMap":{"0":{"name":"(anonymous_0)","decl":{"start":{"line":1,"column":21},"end":{"line":1,"column":22}},"loc":{"start":{"line":1,"column":38},"end":{"line":11,"column":1}},"line":1}},"branchMap":{"0":{"loc":{"start":{"line":2,"column":2},"end":{"line":4,"column":3}},"type":"if","locations":[{"start":{"line":2,"column":2},"end":{"line":4,"column":3}},{"start":{},"end":{}}],"line":2}},"s":{"0":0,"1":0,"2":0,"3":0},"f":{"0":0},"b":{"0":[0,0]}}
,"C:\\Users\\Michele\\Desktop\\Coding Project\\FullStackOpen\\Fullstack-Open\\Part2\\lesson\\src\\components\\Togglable.jsx": {"path":"C:\\Users\\Michele\\Desktop\\Coding Project\\FullStackOpen\\Fullstack-Open\\Part2\\lesson\\src\\components\\Togglable.jsx","statementMap":{"0":{"start":{"line":4,"column":18},"end":{"line":31,"column":2}},"1":{"start":{"line":5,"column":32},"end":{"line":5,"column":47}},"2":{"start":{"line":7,"column":26},"end":{"line":7,"column":60}},"3":{"start":{"line":8,"column":26},"end":{"line":8,"column":60}},"4":{"start":{"line":10,"column":27},"end":{"line":12,"column":3}},"5":{"start":{"line":11,"column":4},"end":{"line":11,"column":24}},"6":{"start":{"line":14,"column":2},"end":{"line":18,"column":4}},"7":{"start":{"line":15,"column":4},"end":{"line":17,"column":5}},"8":{"start":{"line":20,"column":2},"end":{"line":30,"column":3}},"9":{"start":{"line":33,"column":0},"end":{"line":33,"column":35}},"10":{"start":{"line":35,"column":0},"end":{"line":37,"column":1}}},"fnMap":{"0":{"name":"(anonymous_0)","decl":{"start":{"line":4,"column":29},"end":{"line":4,"column":30}},"loc":{"start":{"line":4,"column":45},"end":{"line":31,"column":1}},"line":4},"1":{"name":"(anonymous_1)","decl":{"start":{"line":10,"column":27},"end":{"line":10,"column":28}},"loc":{"start":{"line":10,"column":33},"end":{"line":12,"column":3}},"line":10},"2":{"name":"(anonymous_2)","decl":{"start":{"line":14,"column":27},"end":{"line":14,"column":28}},"loc":{"start":{"line":14,"column":33},"end":{"line":18,"column":3}},"line":14}},"branchMap":{"0":{"loc":{"start":{"line":7,"column":37},"end":{"line":7,"column":58}},"type":"cond-expr","locations":[{"start":{"line":7,"column":47},"end":{"line":7,"column":53}},{"start":{"line":7,"column":56},"end":{"line":7,"column":58}}],"line":7},"1":{"loc":{"start":{"line":8,"column":37},"end":{"line":8,"column":58}},"type":"cond-expr","locations":[{"start":{"line":8,"column":47},"end":{"line":8,"column":49}},{"start":{"line":8,"column":52},"end":{"line":8,"column":58}}],"line":8}},"s":{"0":1,"1":7,"2":7,"3":7,"4":7,"5":3,"6":7,"7":0,"8":7,"9":1,"10":1},"f":{"0":7,"1":3,"2":0},"b":{"0":[2,5],"1":[2,5]},"_coverageSchema":"1a1c01bbd47fc00a2c39e90264f33305004495a9","hash":"91765fb8f37f77a58cdbf1639e37bf3a74908329"}
,"C:\\Users\\Michele\\Desktop\\Coding Project\\FullStackOpen\\Fullstack-Open\\Part2\\lesson\\src\\services\\login.js": {"path":"C:\\Users\\Michele\\Desktop\\Coding Project\\FullStackOpen\\Fullstack-Open\\Part2\\lesson\\src\\services\\login.js","statementMap":{"0":{"start":{"line":2,"column":16},"end":{"line":2,"column":28}},"1":{"start":{"line":4,"column":14},"end":{"line":7,"column":1}},"2":{"start":{"line":5,"column":19},"end":{"line":5,"column":57}},"3":{"start":{"line":6,"column":2},"end":{"line":6,"column":22}}},"fnMap":{"0":{"name":"(anonymous_0)","decl":{"start":{"line":4,"column":14},"end":{"line":4,"column":15}},"loc":{"start":{"line":4,"column":35},"end":{"line":7,"column":1}},"line":4}},"branchMap":{},"s":{"0":0,"1":0,"2":0,"3":0},"f":{"0":0},"b":{}}
,"C:\\Users\\Michele\\Desktop\\Coding Project\\FullStackOpen\\Fullstack-Open\\Part2\\lesson\\src\\services\\notes.js": {"path":"C:\\Users\\Michele\\Desktop\\Coding Project\\FullStackOpen\\Fullstack-Open\\Part2\\lesson\\src\\services\\notes.js","statementMap":{"0":{"start":{"line":2,"column":16},"end":{"line":2,"column":28}},"1":{"start":{"line":4,"column":12},"end":{"line":4,"column":16}},"2":{"start":{"line":6,"column":17},"end":{"line":8,"column":1}},"3":{"start":{"line":7,"column":2},"end":{"line":7,"column":30}},"4":{"start":{"line":10,"column":15},"end":{"line":13,"column":1}},"5":{"start":{"line":11,"column":18},"end":{"line":11,"column":36}},"6":{"start":{"line":12,"column":2},"end":{"line":12,"column":48}},"7":{"start":{"line":12,"column":34},"end":{"line":12,"column":47}},"8":{"start":{"line":15,"column":15},"end":{"line":22,"column":1}},"9":{"start":{"line":16,"column":17},"end":{"line":18,"column":3}},"10":{"start":{"line":20,"column":19},"end":{"line":20,"column":63}},"11":{"start":{"line":21,"column":2},"end":{"line":21,"column":22}},"12":{"start":{"line":24,"column":15},"end":{"line":27,"column":1}},"13":{"start":{"line":25,"column":18},"end":{"line":25,"column":58}},"14":{"start":{"line":26,"column":2},"end":{"line":26,"column":48}},"15":{"start":{"line":26,"column":34},"end":{"line":26,"column":47}}},"fnMap":{"0":{"name":"(anonymous_0)","decl":{"start":{"line":6,"column":17},"end":{"line":6,"column":18}},"loc":{"start":{"line":6,"column":29},"end":{"line":8,"column":1}},"line":6},"1":{"name":"(anonymous_1)","decl":{"start":{"line":10,"column":15},"end":{"line":10,"column":16}},"loc":{"start":{"line":10,"column":21},"end":{"line":13,"column":1}},"line":10},"2":{"name":"(anonymous_2)","decl":{"start":{"line":12,"column":22},"end":{"line":12,"column":23}},"loc":{"start":{"line":12,"column":34},"end":{"line":12,"column":47}},"line":12},"3":{"name":"(anonymous_3)","decl":{"start":{"line":15,"column":15},"end":{"line":15,"column":16}},"loc":{"start":{"line":15,"column":34},"end":{"line":22,"column":1}},"line":15},"4":{"name":"(anonymous_4)","decl":{"start":{"line":24,"column":15},"end":{"line":24,"column":16}},"loc":{"start":{"line":24,"column":34},"end":{"line":27,"column":1}},"line":24},"5":{"name":"(anonymous_5)","decl":{"start":{"line":26,"column":22},"end":{"line":26,"column":23}},"loc":{"start":{"line":26,"column":34},"end":{"line":26,"column":47}},"line":26}},"branchMap":{},"s":{"0":0,"1":0,"2":0,"3":0,"4":0,"5":0,"6":0,"7":0,"8":0,"9":0,"10":0,"11":0,"12":0,"13":0,"14":0,"15":0},"f":{"0":0,"1":0,"2":0,"3":0,"4":0,"5":0},"b":{}}
}
